c:\users\jun\desktop\nalmak3d_personal\nalmak_personalproject\engine\base\common\x64\debug\vc140.pdb
c:\users\jun\desktop\nalmak3d_personal\nalmak_personalproject\engine\base\common\x64\debug\core.obj
c:\users\jun\desktop\nalmak3d_personal\nalmak_personalproject\engine\base\common\x64\debug\component.obj
c:\users\jun\desktop\nalmak3d_personal\nalmak_personalproject\engine\base\common\x64\debug\collision.obj
c:\users\jun\desktop\nalmak3d_personal\nalmak_personalproject\engine\base\common\x64\debug\collider.obj
c:\users\jun\desktop\nalmak3d_personal\nalmak_personalproject\engine\base\common\x64\debug\charactercontroller.obj
c:\users\jun\desktop\nalmak3d_personal\nalmak_personalproject\engine\base\common\x64\debug\capsulecollider.obj
c:\users\jun\desktop\nalmak3d_personal\nalmak_personalproject\engine\base\common\x64\debug\canvasrenderer.obj
c:\users\jun\desktop\nalmak3d_personal\nalmak_personalproject\engine\base\common\x64\debug\camera.obj
c:\users\jun\desktop\nalmak3d_personal\nalmak_personalproject\engine\base\common\x64\debug\button.obj
c:\users\jun\desktop\nalmak3d_personal\nalmak_personalproject\engine\base\common\x64\debug\boxcollider.obj
c:\users\jun\desktop\nalmak3d_personal\nalmak_personalproject\engine\base\common\x64\debug\bitflag.obj
c:\users\jun\desktop\nalmak3d_personal\nalmak_personalproject\engine\base\common\x64\debug\bezier.obj
c:\users\jun\desktop\nalmak3d_personal\nalmak_personalproject\engine\base\common\x64\debug\audiosource.obj
c:\users\jun\desktop\nalmak3d_personal\nalmak_personalproject\engine\base\common\x64\debug\audiolistener.obj
c:\users\jun\desktop\nalmak3d_personal\nalmak_personalproject\engine\base\common\x64\debug\audioclip.obj
c:\users\jun\desktop\nalmak3d_personal\nalmak_personalproject\engine\base\common\x64\debug\animator.obj
c:\users\jun\desktop\nalmak3d_personal\nalmak_personalproject\engine\base\common\x64\debug\animationtransition.obj
c:\users\jun\desktop\nalmak3d_personal\nalmak_personalproject\engine\base\common\x64\debug\animationcontroller.obj
c:\users\jun\desktop\nalmak3d_personal\nalmak_personalproject\engine\base\common\x64\debug\animationclip.obj
c:\users\jun\desktop\nalmak3d_personal\nalmak_personalproject\engine\base\common\x64\debug\nalmak_string.obj
c:\users\jun\desktop\nalmak3d_personal\nalmak_personalproject\engine\base\common\x64\debug\splinecurve.obj
c:\users\jun\desktop\nalmak3d_personal\nalmak_personalproject\engine\base\common\x64\debug\skinnedmeshrenderer.obj
c:\users\jun\desktop\nalmak3d_personal\nalmak_personalproject\engine\base\common\x64\debug\shader.obj
c:\users\jun\desktop\nalmak3d_personal\nalmak_personalproject\engine\base\common\x64\debug\renderinfo.obj
c:\users\jun\desktop\nalmak3d_personal\nalmak_personalproject\engine\base\common\x64\debug\navmeshdata.obj
c:\users\jun\desktop\nalmak3d_personal\nalmak_personalproject\engine\base\common\x64\debug\navcollider.obj
c:\users\jun\desktop\nalmak3d_personal\nalmak_personalproject\engine\base\common\x64\debug\nalmak_animation.obj
c:\users\jun\desktop\nalmak3d_personal\nalmak_personalproject\engine\base\common\x64\debug\meshhierarchy.obj
c:\users\jun\desktop\nalmak3d_personal\nalmak_personalproject\engine\base\common\x64\debug\lod_group.obj
c:\users\jun\desktop\nalmak3d_personal\nalmak_personalproject\engine\base\common\x64\debug\loadresourcesusingthread.obj
c:\users\jun\desktop\nalmak3d_personal\nalmak_personalproject\engine\base\common\x64\debug\dynamicinstancebuffer.obj
c:\users\jun\desktop\nalmak3d_personal\nalmak_personalproject\engine\base\common\x64\debug\drawgizmo_2d.obj
c:\users\jun\desktop\nalmak3d_personal\nalmak_personalproject\engine\base\common\x64\debug\drawgizmo.obj
c:\users\jun\desktop\nalmak3d_personal\nalmak_personalproject\engine\base\common\x64\debug\directorymonitoring.obj
c:\users\jun\desktop\nalmak3d_personal\nalmak_personalproject\engine\base\common\x64\debug\directionallight.obj
c:\users\jun\desktop\nalmak3d_personal\nalmak_personalproject\engine\base\common\x64\debug\devicemanager.obj
c:\users\jun\desktop\nalmak3d_personal\nalmak_personalproject\engine\base\common\x64\debug\depthstencil.obj
c:\users\jun\desktop\nalmak3d_personal\nalmak_personalproject\engine\base\common\x64\debug\debugobject.obj
c:\users\jun\desktop\nalmak3d_personal\nalmak_personalproject\engine\base\common\x64\debug\debugmanager.obj
c:\users\jun\desktop\nalmak3d_personal\nalmak_personalproject\engine\base\common\x64\debug\debuggingmode.obj
c:\users\jun\desktop\nalmak3d_personal\nalmak_personalproject\engine\base\common\x64\debug\linemanager.obj
c:\users\jun\desktop\nalmak3d_personal\nalmak_personalproject\engine\base\common\x64\debug\lightmanager.obj
c:\users\jun\desktop\nalmak3d_personal\nalmak_personalproject\engine\base\common\x64\debug\light.obj
c:\users\jun\desktop\nalmak3d_personal\nalmak_personalproject\engine\base\common\x64\debug\istate.obj
c:\users\jun\desktop\nalmak3d_personal\nalmak_personalproject\engine\base\common\x64\debug\nalmak_function.obj
c:\users\jun\desktop\nalmak3d_personal\nalmak_personalproject\engine\base\common\x64\debug\nalmakpxeventcallback.obj
c:\users\jun\desktop\nalmak3d_personal\nalmak_personalproject\engine\base\common\x64\debug\meshcollider.obj
c:\users\jun\desktop\nalmak3d_personal\nalmak_personalproject\engine\base\common\x64\debug\iresource.obj
c:\users\jun\desktop\nalmak3d_personal\nalmak_personalproject\engine\base\common\x64\debug\irenderer.obj
c:\users\jun\desktop\nalmak3d_personal\nalmak_personalproject\engine\base\common\x64\debug\inputmanager.obj
c:\users\jun\desktop\nalmak3d_personal\nalmak_personalproject\engine\base\common\x64\debug\icycle.obj
c:\users\jun\desktop\nalmak3d_personal\nalmak_personalproject\engine\base\common\x64\debug\ianimation.obj
c:\users\jun\desktop\nalmak3d_personal\nalmak_personalproject\engine\base\common\x64\debug\grid.obj
c:\users\jun\desktop\nalmak3d_personal\nalmak_personalproject\engine\base\common\x64\debug\gameobject.obj
c:\users\jun\desktop\nalmak3d_personal\nalmak_personalproject\engine\base\common\x64\debug\freemove.obj
c:\users\jun\desktop\nalmak3d_personal\nalmak_personalproject\engine\base\common\x64\debug\fileio.obj
c:\users\jun\desktop\nalmak3d_personal\nalmak_personalproject\engine\base\common\x64\debug\exception.obj
c:\users\jun\desktop\nalmak3d_personal\nalmak_personalproject\engine\base\common\x64\debug\eventhandler.obj
c:\users\jun\desktop\nalmak3d_personal\nalmak_personalproject\engine\base\common\x64\debug\event.obj
c:\users\jun\desktop\nalmak3d_personal\nalmak_personalproject\engine\base\common\x64\debug\staticobjectinfo.obj
c:\users\jun\desktop\nalmak3d_personal\nalmak_personalproject\engine\base\common\x64\debug\prototypemanager.obj
c:\users\jun\desktop\nalmak3d_personal\nalmak_personalproject\engine\base\common\x64\debug\positionhandle_2d.obj
c:\users\jun\desktop\nalmak3d_personal\nalmak_personalproject\engine\base\common\x64\debug\positionhandle.obj
c:\users\jun\desktop\nalmak3d_personal\nalmak_personalproject\engine\base\common\x64\debug\pointlight.obj
c:\users\jun\desktop\nalmak3d_personal\nalmak_personalproject\engine\base\common\x64\debug\physicsmanager.obj
c:\users\jun\desktop\nalmak3d_personal\nalmak_personalproject\engine\base\common\x64\debug\particlerenderer.obj
c:\users\jun\desktop\nalmak3d_personal\nalmak_personalproject\engine\base\common\x64\debug\particleinfo.obj
c:\users\jun\desktop\nalmak3d_personal\nalmak_personalproject\engine\base\common\x64\debug\particle.obj
c:\users\jun\desktop\nalmak3d_personal\nalmak_personalproject\engine\base\common\x64\debug\objectmanager.obj
c:\users\jun\desktop\nalmak3d_personal\nalmak_personalproject\engine\base\common\x64\debug\number.obj
c:\users\jun\desktop\nalmak3d_personal\nalmak_personalproject\engine\base\common\x64\debug\navpoint.obj
c:\users\jun\desktop\nalmak3d_personal\nalmak_personalproject\engine\base\common\x64\debug\navmesh.obj
c:\users\jun\desktop\nalmak3d_personal\nalmak_personalproject\engine\base\common\x64\debug\navline.obj
c:\users\jun\desktop\nalmak3d_personal\nalmak_personalproject\engine\base\common\x64\debug\navcell.obj
c:\users\jun\desktop\nalmak3d_personal\nalmak_personalproject\engine\base\common\x64\debug\nalmak_directxmath.obj
c:\users\jun\desktop\nalmak3d_personal\nalmak_personalproject\engine\base\common\x64\debug\meshrenderer.obj
c:\users\jun\desktop\nalmak3d_personal\nalmak_personalproject\engine\base\common\x64\debug\canvaspicking.obj
c:\users\jun\desktop\nalmak3d_personal\nalmak_personalproject\engine\base\common\x64\debug\mesh.obj
c:\users\jun\desktop\nalmak3d_personal\nalmak_personalproject\engine\base\common\x64\debug\material.obj
c:\users\jun\desktop\nalmak3d_personal\nalmak_personalproject\engine\base\common\x64\debug\linevi.obj
c:\users\jun\desktop\nalmak3d_personal\nalmak_personalproject\engine\base\common\x64\debug\terrain.obj
c:\users\jun\desktop\nalmak3d_personal\nalmak_personalproject\engine\base\common\x64\debug\systemmanager.obj
c:\users\jun\desktop\nalmak3d_personal\nalmak_personalproject\engine\base\common\x64\debug\systeminfo.obj
c:\users\jun\desktop\nalmak3d_personal\nalmak_personalproject\engine\base\common\x64\debug\statecontrol.obj
c:\users\jun\desktop\nalmak3d_personal\nalmak_personalproject\engine\base\common\x64\debug\spherecollider.obj
c:\users\jun\desktop\nalmak3d_personal\nalmak_personalproject\engine\base\common\x64\debug\soundmanager.obj
c:\users\jun\desktop\nalmak3d_personal\nalmak_personalproject\engine\base\common\x64\debug\slider.obj
c:\users\jun\desktop\nalmak3d_personal\nalmak_personalproject\engine\base\common\x64\debug\skybox.obj
c:\users\jun\desktop\nalmak3d_personal\nalmak_personalproject\engine\base\common\x64\debug\singleimage.obj
c:\users\jun\desktop\nalmak3d_personal\nalmak_personalproject\engine\base\common\x64\debug\shadercompileinclude.obj
c:\users\jun\desktop\nalmak3d_personal\nalmak_personalproject\engine\base\common\x64\debug\screenquad.obj
c:\users\jun\desktop\nalmak3d_personal\nalmak_personalproject\engine\base\common\x64\debug\scenemanager.obj
c:\users\jun\desktop\nalmak3d_personal\nalmak_personalproject\engine\base\common\x64\debug\scene.obj
c:\users\jun\desktop\nalmak3d_personal\nalmak_personalproject\engine\base\common\x64\debug\scalehandle_2d.obj
c:\users\jun\desktop\nalmak3d_personal\nalmak_personalproject\engine\base\common\x64\debug\rigidbody.obj
c:\users\jun\desktop\nalmak3d_personal\nalmak_personalproject\engine\base\common\x64\debug\resourcemanager.obj
c:\users\jun\desktop\nalmak3d_personal\nalmak_personalproject\engine\base\common\x64\debug\rendertarget.obj
c:\users\jun\desktop\nalmak3d_personal\nalmak_personalproject\engine\base\common\x64\debug\rendermanager.obj
c:\users\jun\desktop\nalmak3d_personal\nalmak_personalproject\engine\base\common\x64\debug\quadnonenormal.obj
c:\users\jun\desktop\nalmak3d_personal\nalmak_personalproject\engine\base\common\x64\debug\quad.obj
c:\users\jun\desktop\nalmak3d_personal\nalmak_personalproject\engine\base\common\x64\debug\xfilemesh.obj
c:\users\jun\desktop\nalmak3d_personal\nalmak_personalproject\engine\base\common\x64\debug\vibuffer.obj
c:\users\jun\desktop\nalmak3d_personal\nalmak_personalproject\engine\base\common\x64\debug\usercollisionfilterflag.obj
c:\users\jun\desktop\nalmak3d_personal\nalmak_personalproject\engine\base\common\x64\debug\uiinteractor.obj
c:\users\jun\desktop\nalmak3d_personal\nalmak_personalproject\engine\base\common\x64\debug\triangle.obj
c:\users\jun\desktop\nalmak3d_personal\nalmak_personalproject\engine\base\common\x64\debug\transform.obj
c:\users\jun\desktop\nalmak3d_personal\nalmak_personalproject\engine\base\common\x64\debug\trailrenderer.obj
c:\users\jun\desktop\nalmak3d_personal\nalmak_personalproject\engine\base\common\x64\debug\toggle.obj
c:\users\jun\desktop\nalmak3d_personal\nalmak_personalproject\engine\base\common\x64\debug\timemanager.obj
c:\users\jun\desktop\nalmak3d_personal\nalmak_personalproject\engine\base\common\x64\debug\texture.obj
c:\users\jun\desktop\nalmak3d_personal\nalmak_personalproject\engine\base\common\x64\debug\text.obj
c:\users\jun\desktop\nalmak3d_personal\nalmak_personalproject\engine\base\common\x64\debug\nalmakpxcontrollerfiltercallback.obj
c:\users\jun\desktop\nalmak3d_personal\nalmak_personalproject\engine\base\common\x64\debug\nalmakpxcontrollerbehaviorcallback.obj
c:\users\jun\desktop\nalmak3d_personal\nalmak_personalproject\engine\base\common\x64\debug\uicomponent.obj
c:\users\jun\desktop\nalmak3d_personal\nalmak_personalproject\engine\base\bin\scr_shadow_pass.cso
c:\users\jun\desktop\nalmak3d_personal\nalmak_personalproject\engine\base\bin\sys_debug.cso
c:\users\jun\desktop\nalmak3d_personal\nalmak_personalproject\engine\base\bin\sys_diffuse.cso
c:\users\jun\desktop\nalmak3d_personal\nalmak_personalproject\engine\base\bin\sys_emission.cso
c:\users\jun\desktop\nalmak3d_personal\nalmak_personalproject\engine\base\bin\sys_grabpass.cso
c:\users\jun\desktop\nalmak3d_personal\nalmak_personalproject\engine\base\bin\sys_grid.cso
c:\users\jun\desktop\nalmak3d_personal\nalmak_personalproject\engine\base\bin\sys_hwskinning_constantbuffer.cso
c:\users\jun\desktop\nalmak3d_personal\nalmak_personalproject\engine\base\bin\sys_hwskinning_fetchtex.cso
c:\users\jun\desktop\nalmak3d_personal\nalmak_personalproject\engine\base\bin\sys_lightdepth.cso
c:\users\jun\desktop\nalmak3d_personal\nalmak_personalproject\engine\base\bin\sys_lightdepth_animation.cso
c:\users\jun\desktop\nalmak3d_personal\nalmak_personalproject\engine\base\bin\sys_line.cso
c:\users\jun\desktop\nalmak3d_personal\nalmak_personalproject\engine\base\bin\sys_outline.cso
c:\users\jun\desktop\nalmak3d_personal\nalmak_personalproject\engine\base\bin\sys_particle.cso
c:\users\jun\desktop\nalmak3d_personal\nalmak_personalproject\engine\base\bin\sys_physx.cso
c:\users\jun\desktop\nalmak3d_personal\nalmak_personalproject\engine\base\bin\sys_pickingdebug.cso
c:\users\jun\desktop\nalmak3d_personal\nalmak_personalproject\engine\base\bin\sys_standard.cso
c:\users\jun\desktop\nalmak3d_personal\nalmak_personalproject\engine\base\bin\sys_standard_normalmap.cso
c:\users\jun\desktop\nalmak3d_personal\nalmak_personalproject\engine\base\bin\sys_ui.cso
c:\users\jun\desktop\nalmak3d_personal\nalmak_personalproject\engine\base\bin\scr_bloom.cso
c:\users\jun\desktop\nalmak3d_personal\nalmak_personalproject\engine\base\bin\scr_downsampling_pass.cso
c:\users\jun\desktop\nalmak3d_personal\nalmak_personalproject\engine\base\bin\scr_gaussianblur.cso
c:\users\jun\desktop\nalmak3d_personal\nalmak_personalproject\engine\base\bin\scr_emission_pass.cso
c:\users\jun\desktop\nalmak3d_personal\nalmak_personalproject\engine\base\bin\scr_debug_pass.cso
c:\users\jun\desktop\nalmak3d_personal\nalmak_personalproject\engine\base\bin\scr_directionallight.cso
c:\users\jun\desktop\nalmak3d_personal\nalmak_personalproject\engine\base\bin\scr_final_pass.cso
c:\users\jun\desktop\nalmak3d_personal\nalmak_personalproject\engine\base\bin\scr_geometry_pass.cso
c:\users\jun\desktop\nalmak3d_personal\nalmak_personalproject\engine\base\bin\scr_pointlight.cso
c:\users\jun\desktop\nalmak3d_personal\nalmak_personalproject\engine\base\bin\scr_pointlight_stencil.cso
c:\users\jun\desktop\nalmak3d_personal\nalmak_personalproject\engine\base\bin\sys_skybox.cso
c:\users\jun\desktop\nalmak3d_personal\nalmak_personalproject\engine\base\bin\sys_trail.cso
c:\users\jun\desktop\nalmak3d_personal\nalmak_personalproject\engine\base\bin\sys_softtex.cso
c:\users\jun\desktop\nalmak3d_personal\nalmak_personalproject\engine\base\bin\nalmak3d_engine.ilk
c:\users\jun\desktop\nalmak3d_personal\nalmak_personalproject\engine\base\bin\nalmak3d_engine.dll
c:\users\jun\desktop\nalmak3d_personal\nalmak_personalproject\engine\base\bin\nalmak3d_engine.pdb
c:\users\jun\desktop\nalmak3d_personal\nalmak_personalproject\engine\base\bin\nalmak3d_engine.lib
c:\users\jun\desktop\nalmak3d_personal\nalmak_personalproject\engine\base\bin\nalmak3d_engine.exp
c:\users\jun\desktop\nalmak3d_personal\nalmak_personalproject\engine\base\bin\h_common.cso
c:\users\jun\desktop\nalmak3d_personal\nalmak_personalproject\engine\base\bin\h_light.cso
c:\users\jun\desktop\nalmak3d_personal\nalmak_personalproject\engine\base\common\../bin/nalmak3d_engine.dll
c:\users\jun\desktop\nalmak3d_personal\nalmak_personalproject\engine\base\common\x64\debug\nalmak3d_engine.tlog\cl.command.1.tlog
c:\users\jun\desktop\nalmak3d_personal\nalmak_personalproject\engine\base\common\x64\debug\nalmak3d_engine.tlog\cl.read.1.tlog
c:\users\jun\desktop\nalmak3d_personal\nalmak_personalproject\engine\base\common\x64\debug\nalmak3d_engine.tlog\cl.write.1.tlog
c:\users\jun\desktop\nalmak3d_personal\nalmak_personalproject\engine\base\common\x64\debug\nalmak3d_engine.tlog\fxc.command.1.tlog
c:\users\jun\desktop\nalmak3d_personal\nalmak_personalproject\engine\base\common\x64\debug\nalmak3d_engine.tlog\fxc.read.1.tlog
c:\users\jun\desktop\nalmak3d_personal\nalmak_personalproject\engine\base\common\x64\debug\nalmak3d_engine.tlog\fxc.write.1.tlog
c:\users\jun\desktop\nalmak3d_personal\nalmak_personalproject\engine\base\common\x64\debug\nalmak3d_engine.tlog\link.command.1.tlog
c:\users\jun\desktop\nalmak3d_personal\nalmak_personalproject\engine\base\common\x64\debug\nalmak3d_engine.tlog\link.read.1.tlog
c:\users\jun\desktop\nalmak3d_personal\nalmak_personalproject\engine\base\common\x64\debug\nalmak3d_engine.tlog\link.write.1.tlog
c:\users\jun\desktop\nalmak3d_personal\nalmak_personalproject\engine\base\common\x64\debug\nalmak3d_engine.tlog\nalmak3d_engine.write.1u.tlog
