  DebuggingMode.cpp
cl : 명령줄 warning D9028: 최소 다시 빌드에 실패했습니다. 정상 빌드로 되돌립니다.
  Nalmak3DEngine.vcxproj -> C:\Users\JUN\Desktop\Nalmak3D_Personal\Nalmak_PersonalProject\Engine\Base\Common\../Bin/Nalmak3D_Engine.dll
  Nalmak3DEngine.vcxproj -> ../Bin/Nalmak3D_Engine.pdb (Full PDB)
  ..\Include\Animator.h
  ..\Include\AudioClip.h
  ..\Include\AudioListener.h
  ..\Include\AudioSource.h
  ..\Include\Bezier.h
  ..\Include\BitFlag.h
  ..\Include\Box.h
  ..\Include\BoxCollider.h
  ..\Include\Button.h
  ..\Include\Camera.h
  ..\Include\CanvasPicking.h
  ..\Include\CanvasRenderer.h
  ..\Include\Collider.h
  ..\Include\Component.h
  ..\Include\Core.h
  ..\Include\CubeMap.h
  ..\Include\CubeTexture.h
  ..\Include\DebuggingMode.h
  ..\Include\DebugManager.h
  ..\Include\DebugObject.h
  ..\Include\DepthStencil.h
  ..\Include\DeviceManager.h
  ..\Include\DirectionalLight.h
  ..\Include\DirectoryMonitoring.h
  ..\Include\DrawGizmo.h
  ..\Include\DrawGizmo_2D.h
  ..\Include\DynamicInstanceBuffer.h
  ..\Include\Event.h
  ..\Include\EventHandler.h
  ..\Include\Exception.h
  ..\Include\FileIO.h
  ..\Include\fmod.h
  ..\Include\fmod_codec.h
  ..\Include\fmod_dsp.h
  ..\Include\fmod_errors.h
  ..\Include\fmod_memoryinfo.h
  ..\Include\fmod_output.h
  ..\Include\FollowCamera.h
  ..\Include\FreeMove.h
  ..\Include\GameObject.h
  ..\Include\Grid.h
  ..\Include\GroundVIBuffer.h
  ..\Include\IAnimation.h
  ..\Include\ICanvasGroup.h
  ..\Include\ICycle.h
  ..\Include\InputManager.h
  ..\Include\IRenderer.h
  ..\Include\IResource.h
  ..\Include\IState.h
  ..\Include\Light.h
  ..\Include\LightManager.h
  ..\Include\LineManager.h
  ..\Include\LineVI.h
  ..\Include\LoadResourcesUsingThread.h
  ..\Include\Material.h
  ..\Include\Mesh.h
  ..\Include\MeshCollider.h
  ..\Include\MeshPicking.h
  ..\Include\MeshRenderer.h
  ..\Include\MessageProc.h
  ..\Include\NalmakPxEventCallBack.h
  ..\Include\Nalmak_Define.h
  ..\Include\Nalmak_DirectXMath.h
  ..\Include\Nalmak_Enum.h
  ..\Include\Nalmak_Extern.h
  ..\Include\Nalmak_Function.h
  ..\Include\Nalmak_Include.h
  ..\Include\Nalmak_Math.h
  ..\Include\Nalmak_String.h
  ..\Include\Nalmak_Struct.h
  ..\Include\Nalmak_Typedef.h
  ..\Include\Number.h
  ..\Include\ObjectManager.h
  ..\Include\Particle.h
  ..\Include\ParticleInfo.h
  ..\Include\ParticleRenderer.h
  ..\Include\PhysicsManager.h
  ..\Include\PointLight.h
  ..\Include\PositionHandle.h
  ..\Include\PositionHandle_2D.h
  ..\Include\PrototypeManager.h
  ..\Include\Quad.h
  ..\Include\QuadNoneNormal.h
  ..\Include\QuadParticle.h
  ..\Include\RenderManager.h
  ..\Include\RenderTarget.h
  ..\Include\ResourceManager.h
  ..\Include\RigidBody.h
  ..\Include\ScaleHandle_2D.h
  ..\Include\Scene.h
  ..\Include\SceneManager.h
  ..\Include\ScreenQuad.h
  ..\Include\Shader.h
  ..\Include\ShaderCompileInclude.h
  ..\Include\SingleImage.h
  ..\Include\SkyBox.h
  ..\Include\Slider.h
  ..\Include\SoundManager.h
  ..\Include\SphereCollider.h
  ..\Include\SplineCurve.h
  ..\Include\StateControl.h
  ..\Include\StaticMesh.h
  ..\Include\SystemInfo.h
  ..\Include\SystemManager.h
  ..\Include\TBox.h
  ..\Include\Terrain.h
  ..\Include\TestVI.h
  ..\Include\Tex2D.h
  ..\Include\Text.h
  ..\Include\Texture.h
  ..\Include\TimeManager.h
  ..\Include\Toggle.h
  ..\Include\Trail.h
  ..\Include\TrailRenderer.h
  ..\Include\TrailTexColor.h
  ..\Include\Trail_Color.h
  ..\Include\Transform.h
  ..\Include\Triangle.h
  ..\Include\UIInteractor.h
  ..\Include\UserCollisionFilterFlag.h
  ..\Include\VIBuffer.h
  121개 파일이 복사되었습니다.
  ..\Bin\fmodex64.dll
  ..\Bin\fmodexL.dll
  ..\Bin\Nalmak3D_Engine.dll
  3개 파일이 복사되었습니다.
  ..\Bin\fmodex64.dll
  ..\Bin\fmodexL.dll
  ..\Bin\Nalmak3D_Engine.dll
  3개 파일이 복사되었습니다.
  ..\Bin\fmodex64.dll
  ..\Bin\fmodexL.dll
  ..\Bin\Nalmak3D_Engine.dll
  3개 파일이 복사되었습니다.
  ..\Bin\fmodex64.dll
  ..\Bin\fmodexL.dll
  ..\Bin\Nalmak3D_Engine.dll
  3개 파일이 복사되었습니다.
  ..\Bin\fmodex64_vc.lib
  ..\Bin\Nalmak3D_Engine.lib
  2개 파일이 복사되었습니다.
  ..\Bin\BackGround.cso
  ..\Bin\brightHorizontalBlur.cso
  ..\Bin\brightVerticalBlur.cso
  ..\Bin\default.cso
  ..\Bin\defaultDebug.cso
  ..\Bin\defaultEmission.cso
  ..\Bin\defaultUI.cso
  ..\Bin\deferred_bright.cso
  ..\Bin\deferred_emission.cso
  ..\Bin\deferred_geometry.cso
  ..\Bin\D_Debug.cso
  ..\Bin\D_DirectionalLight.cso
  ..\Bin\D_FullScreen.cso
  ..\Bin\D_GrabPass.cso
  ..\Bin\D_PointLight.cso
  ..\Bin\D_PointLight_Stencil.cso
  ..\Bin\grid.cso
  ..\Bin\line.cso
  ..\Bin\noneNormal.cso
  ..\Bin\particle.cso
  ..\Bin\physX_Debug.cso
  ..\Bin\postprocess_bloom.cso
  ..\Bin\skyBox.cso
  ..\Bin\standard.cso
  ..\Bin\standard_normal.cso
  ..\Bin\SYS_OutLine.cso
  26개 파일이 복사되었습니다.
  ..\Bin\fmodex64.dll
  ..\Bin\fmodexL.dll
  ..\Bin\Nalmak3D_Engine.dll
  3개 파일이 복사되었습니다.
  ..\Bin\fmodex64.dll
  ..\Bin\fmodexL.dll
  ..\Bin\Nalmak3D_Engine.dll
  3개 파일이 복사되었습니다.
  ..\Bin\fmodex64.dll
  ..\Bin\fmodexL.dll
  ..\Bin\Nalmak3D_Engine.dll
  3개 파일이 복사되었습니다.
  ..\Bin\fmodex64.dll
  ..\Bin\fmodexL.dll
  ..\Bin\Nalmak3D_Engine.dll
  3개 파일이 복사되었습니다.
