  stdafx.cpp
  BnS_MainCamera.cpp
  Homework_Player.cpp
  LynIdle.cpp
  LynIdleToJump.cpp
  LynInfo.cpp
  LynJump.cpp
  LynJumpToIdle.cpp
  LynJumpToMove.cpp
  LynRun.cpp
  LynState.cpp
  LynStateControl.cpp
  LynTurning.cpp
  MainGame.cpp
  Nalmak_PersonalProject.cpp
  TitleScene.cpp
  homeworkScene.cpp
  homework_enemy.cpp
     ../Bin/x64\Release\Nalmak_PersonalProject.lib 라이브러리 및 ../Bin/x64\Release\Nalmak_PersonalProject.exp 개체를 생성하고 있습니다.
  코드를 생성하고 있습니다.
  102 of 4257 functions ( 2.4%) were compiled, the rest were copied from previous compilation.
    2 functions were new in current compilation
    2 functions had inline decision re-evaluated but remain unchanged
  코드를 생성했습니다.
  Nalmak_PersonalProject.vcxproj -> C:\Users\JUN\Desktop\Nalmak_PersonalProject\Client\Common\../Bin/x64\Release\Nalmak_PersonalProject.exe
  Nalmak_PersonalProject.vcxproj -> ../Bin/x64\Release\Nalmak_PersonalProject.pdb (Full PDB)
