  stdafx.cpp
  ObjectInstallTool.cpp
c:\users\jun\desktop\nalmak_personalproject\engine\maptool\objectinstalltool.cpp(1287): warning C4800: 'int': 'true' 또는 'false'로 bool 값을 강제하고 있습니다(성능 경고).
c:\users\jun\desktop\nalmak_personalproject\engine\maptool\objectinstalltool.cpp(1296): warning C4800: 'int': 'true' 또는 'false'로 bool 값을 강제하고 있습니다(성능 경고).
c:\users\jun\desktop\nalmak_personalproject\engine\maptool\objectinstalltool.cpp(1305): warning C4800: 'int': 'true' 또는 'false'로 bool 값을 강제하고 있습니다(성능 경고).
c:\users\jun\desktop\nalmak_personalproject\engine\maptool\objectinstalltool.cpp(1314): warning C4800: 'int': 'true' 또는 'false'로 bool 값을 강제하고 있습니다(성능 경고).
  NavSelectedPoint.cpp
  NavPointDraw.cpp
  NavMeshTool.cpp
  Nalmak3D_MapToolView.cpp
  Nalmak3D_MapToolDoc.cpp
  Nalmak3D_MapTool.cpp
  MapTool_ObjectState.cpp
  MapTool_NavMeshState.cpp
  MapTool_AnimationState.cpp
  MapToolManager.cpp
  MainTabFormView.cpp
  MainFrm.cpp
  BaseScene.cpp
  AnimationTool.cpp
  코드를 생성하고 있습니다...
  Nalmak3D_MapTool.vcxproj -> C:\Users\JUN\Desktop\Nalmak_PersonalProject\x64\Debug\Nalmak3D_MapTool.exe
  Nalmak3D_MapTool.vcxproj -> C:\Users\JUN\Desktop\Nalmak_PersonalProject\x64\Debug\Nalmak3D_MapTool.pdb (Partial PDB)
