c:\users\jun\desktop\personal210325_objecttool\engine\effecttool\x64\debug\nalmak3d_effecttool.pch
c:\users\jun\desktop\personal210325_objecttool\engine\effecttool\x64\debug\vc140.pdb
c:\users\jun\desktop\personal210325_objecttool\engine\effecttool\x64\debug\vc140.idb
c:\users\jun\desktop\personal210325_objecttool\engine\effecttool\x64\debug\stdafx.obj
c:\users\jun\desktop\personal210325_objecttool\engine\effecttool\x64\debug\basescene.obj
c:\users\jun\desktop\personal210325_objecttool\engine\effecttool\x64\debug\mainfrm.obj
c:\users\jun\desktop\personal210325_objecttool\engine\effecttool\x64\debug\nalmak3d_effecttool.obj
c:\users\jun\desktop\personal210325_objecttool\engine\effecttool\x64\debug\nalmak3d_effecttooldoc.obj
c:\users\jun\desktop\personal210325_objecttool\engine\effecttool\x64\debug\nalmak3d_effecttoolview.obj
c:\users\jun\desktop\personal210325_objecttool\engine\effecttool\x64\debug\particleobjectmanager.obj
c:\users\jun\desktop\personal210325_objecttool\engine\effecttool\x64\debug\nalmak3d_controlview.obj
c:\users\jun\desktop\personal210325_objecttool\x64\debug\nalmak3d_effecttool.ilk
c:\users\jun\desktop\personal210325_objecttool\x64\debug\nalmak3d_effecttool.exe
c:\users\jun\desktop\personal210325_objecttool\x64\debug\nalmak3d_effecttool.pdb
c:\users\jun\desktop\personal210325_objecttool\x64\debug\nalmak3d_effecttool.lib
c:\users\jun\desktop\personal210325_objecttool\x64\debug\nalmak3d_effecttool.exp
c:\users\jun\desktop\personal210325_objecttool\engine\effecttool\x64\debug\nalmak3d_effecttool.res
c:\users\jun\desktop\personal210325_objecttool\engine\effecttool\x64\debug\mfc_utility.obj
c:\users\jun\desktop\personal210325_objecttool\engine\effecttool\x64\debug\nalmak3d.e9e6eeda.tlog\cl.command.1.tlog
c:\users\jun\desktop\personal210325_objecttool\engine\effecttool\x64\debug\nalmak3d.e9e6eeda.tlog\cl.read.1.tlog
c:\users\jun\desktop\personal210325_objecttool\engine\effecttool\x64\debug\nalmak3d.e9e6eeda.tlog\cl.write.1.tlog
c:\users\jun\desktop\personal210325_objecttool\engine\effecttool\x64\debug\nalmak3d.e9e6eeda.tlog\link.command.1.tlog
c:\users\jun\desktop\personal210325_objecttool\engine\effecttool\x64\debug\nalmak3d.e9e6eeda.tlog\link.read.1.tlog
c:\users\jun\desktop\personal210325_objecttool\engine\effecttool\x64\debug\nalmak3d.e9e6eeda.tlog\link.write.1.tlog
c:\users\jun\desktop\personal210325_objecttool\engine\effecttool\x64\debug\nalmak3d.e9e6eeda.tlog\nalmak3d_effecttool.write.1u.tlog
c:\users\jun\desktop\personal210325_objecttool\engine\effecttool\x64\debug\nalmak3d.e9e6eeda.tlog\rc.command.1.tlog
c:\users\jun\desktop\personal210325_objecttool\engine\effecttool\x64\debug\nalmak3d.e9e6eeda.tlog\rc.read.1.tlog
c:\users\jun\desktop\personal210325_objecttool\engine\effecttool\x64\debug\nalmak3d.e9e6eeda.tlog\rc.write.1.tlog
