C:\Users\JUN\Desktop\Nalmak3D_Personal\Nalmak_PersonalProject\Engine\Resource\Shader\SYS_HWSkinning_ConstantBuffer.fx(81,2-51): warning X3206: implicit truncation of vector type
FXC : warning X4717: Effects deprecated for D3DCompiler_47
  
  compilation object save succeeded; see C:\Users\JUN\Desktop\Nalmak3D_Personal\Nalmak_PersonalProject\Engine\Base\Bin\SYS_HWSkinning_ConstantBuffer.cso
C:\Users\JUN\Desktop\Nalmak3D_Personal\Nalmak_PersonalProject\Engine\Resource\Shader\SYS_HWSkinning_FetchTex.fx(97,2-51): warning X3206: implicit truncation of vector type
FXC : warning X4717: Effects deprecated for D3DCompiler_47
  
  compilation object save succeeded; see C:\Users\JUN\Desktop\Nalmak3D_Personal\Nalmak_PersonalProject\Engine\Base\Bin\SYS_HWSkinning_FetchTex.cso
  Nalmak_String.cpp
  AnimationController.cpp
  Animator.cpp
  AudioClip.cpp
  AudioListener.cpp
  AudioSource.cpp
  Bezier.cpp
  BitFlag.cpp
  BoxCollider.cpp
  Button.cpp
  Camera.cpp
  CanvasPicking.cpp
  CanvasRenderer.cpp
  CapsuleCollider.cpp
  Collider.cpp
  Component.cpp
  Core.cpp
  DebugManager.cpp
  DebugObject.cpp
  DebuggingMode.cpp
  컴파일하고 있습니다...
  DepthStencil.cpp
  DeviceManager.cpp
  DirectionalLight.cpp
  DirectoryMonitoring.cpp
  DrawGizmo.cpp
  DrawGizmo_2D.cpp
  DynamicInstanceBuffer.cpp
  Event.cpp
  EventHandler.cpp
  Exception.cpp
  FileIO.cpp
  FreeMove.cpp
  GameObject.cpp
  Grid.cpp
  IAnimation.cpp
  ICycle.cpp
  IRenderer.cpp
  IResource.cpp
  IState.cpp
  InputManager.cpp
  컴파일하고 있습니다...
  Light.cpp
  LightManager.cpp
  LineManager.cpp
  LineVI.cpp
  LoadResourcesUsingThread.cpp
  Material.cpp
  Mesh.cpp
  MeshCollider.cpp
  MeshHierarchy.cpp
  MeshRenderer.cpp
  NalmakPxEventCallBack.cpp
  Nalmak_DirectXMath.cpp
  Nalmak_Function.cpp
  NavCell.cpp
  NavLine.cpp
  NavMesh.cpp
  NavPoint.cpp
  Number.cpp
  ObjectManager.cpp
  Particle.cpp
  컴파일하고 있습니다...
  ParticleInfo.cpp
  ParticleRenderer.cpp
  PhysicsManager.cpp
  PointLight.cpp
  PositionHandle.cpp
  PositionHandle_2D.cpp
  PrototypeManager.cpp
  Quad.cpp
  QuadNoneNormal.cpp
  RenderManager.cpp
  RenderTarget.cpp
  ResourceManager.cpp
  RigidBody.cpp
  ScaleHandle_2D.cpp
  Scene.cpp
  SceneManager.cpp
  ScreenQuad.cpp
  Shader.cpp
  ShaderCompileInclude.cpp
  SingleImage.cpp
  컴파일하고 있습니다...
  SkinnedMeshRenderer.cpp
  SkyBox.cpp
  Slider.cpp
  SoundManager.cpp
  SphereCollider.cpp
  SplineCurve.cpp
  StateControl.cpp
  StaticObjectInfo.cpp
  SystemInfo.cpp
  SystemManager.cpp
  Terrain.cpp
  Text.cpp
  Texture.cpp
  TimeManager.cpp
  Toggle.cpp
  TrailRenderer.cpp
  Transform.cpp
  Triangle.cpp
  UIInteractor.cpp
  VIBuffer.cpp
  컴파일하고 있습니다...
  XFileMesh.cpp
     ../Bin/Nalmak3D_Engine.lib 라이브러리 및 ../Bin/Nalmak3D_Engine.exp 개체를 생성하고 있습니다.
  코드를 생성하고 있습니다.
  453 of 9128 functions ( 5.0%) were compiled, the rest were copied from previous compilation.
    117 functions were new in current compilation
    210 functions had inline decision re-evaluated but remain unchanged
  코드를 생성했습니다.
PhysX3Extensions.lib(ExtCpuWorkerThread.obj) : warning LNK4099: 'PhysX3Extensions.pdb' PDB를 'PhysX3Extensions.lib(ExtCpuWorkerThread.obj)' 또는 'C:\Users\JUN\Desktop\Nalmak3D_Personal\Nalmak_PersonalProject\Engine\Base\Bin\PhysX3Extensions.pdb'에서 찾을 수 없습니다. 디버그 정보가 없는 것처럼 개체를 링크합니다.
PhysX3Extensions.lib(ExtDefaultCpuDispatcher.obj) : warning LNK4099: 'PhysX3Extensions.pdb' PDB를 'PhysX3Extensions.lib(ExtDefaultCpuDispatcher.obj)' 또는 'C:\Users\JUN\Desktop\Nalmak3D_Personal\Nalmak_PersonalProject\Engine\Base\Bin\PhysX3Extensions.pdb'에서 찾을 수 없습니다. 디버그 정보가 없는 것처럼 개체를 링크합니다.
PhysX3Extensions.lib(ExtDefaultErrorCallback.obj) : warning LNK4099: 'PhysX3Extensions.pdb' PDB를 'PhysX3Extensions.lib(ExtDefaultErrorCallback.obj)' 또는 'C:\Users\JUN\Desktop\Nalmak3D_Personal\Nalmak_PersonalProject\Engine\Base\Bin\PhysX3Extensions.pdb'에서 찾을 수 없습니다. 디버그 정보가 없는 것처럼 개체를 링크합니다.
PhysX3Extensions.lib(ExtDefaultStreams.obj) : warning LNK4099: 'PhysX3Extensions.pdb' PDB를 'PhysX3Extensions.lib(ExtDefaultStreams.obj)' 또는 'C:\Users\JUN\Desktop\Nalmak3D_Personal\Nalmak_PersonalProject\Engine\Base\Bin\PhysX3Extensions.pdb'에서 찾을 수 없습니다. 디버그 정보가 없는 것처럼 개체를 링크합니다.
  Nalmak3DEngine.vcxproj -> C:\Users\JUN\Desktop\Nalmak3D_Personal\Nalmak_PersonalProject\Engine\Base\Common\../Bin/Nalmak3D_Engine.dll
  Nalmak3DEngine.vcxproj -> ../Bin/Nalmak3D_Engine.pdb (Full PDB)
  ..\Include\AnimationController.h
  ..\Include\Animator.h
  ..\Include\AudioClip.h
  ..\Include\AudioListener.h
  ..\Include\AudioSource.h
  ..\Include\Bezier.h
  ..\Include\BitFlag.h
  ..\Include\Box.h
  ..\Include\BoxCollider.h
  ..\Include\Button.h
  ..\Include\Camera.h
  ..\Include\CanvasPicking.h
  ..\Include\CanvasRenderer.h
  ..\Include\CapsuleCollider.h
  ..\Include\Collider.h
  ..\Include\Component.h
  ..\Include\Core.h
  ..\Include\CubeMap.h
  ..\Include\CubeTexture.h
  ..\Include\DebuggingMode.h
  ..\Include\DebugManager.h
  ..\Include\DebugObject.h
  ..\Include\DepthStencil.h
  ..\Include\DeviceManager.h
  ..\Include\DirectionalLight.h
  ..\Include\DirectoryMonitoring.h
  ..\Include\DrawGizmo.h
  ..\Include\DrawGizmo_2D.h
  ..\Include\DynamicInstanceBuffer.h
  ..\Include\Event.h
  ..\Include\EventHandler.h
  ..\Include\Exception.h
  ..\Include\FileIO.h
  ..\Include\fmod.h
  ..\Include\fmod_codec.h
  ..\Include\fmod_dsp.h
  ..\Include\fmod_errors.h
  ..\Include\fmod_memoryinfo.h
  ..\Include\fmod_output.h
  ..\Include\FollowCamera.h
  ..\Include\FreeMove.h
  ..\Include\FrustumCulling.h
  ..\Include\GameObject.h
  ..\Include\Grid.h
  ..\Include\GroundVIBuffer.h
  ..\Include\IAnimation.h
  ..\Include\ICanvasGroup.h
  ..\Include\ICycle.h
  ..\Include\InputManager.h
  ..\Include\IRenderer.h
  ..\Include\IResource.h
  ..\Include\IState.h
  ..\Include\Light.h
  ..\Include\LightManager.h
  ..\Include\LineManager.h
  ..\Include\LineVI.h
  ..\Include\LoadResourcesUsingThread.h
  ..\Include\Material.h
  ..\Include\Mesh.h
  ..\Include\MeshCollider.h
  ..\Include\MeshHierarchy.h
  ..\Include\MeshPicking.h
  ..\Include\MeshRenderer.h
  ..\Include\MessageProc.h
  ..\Include\NalmakPxEventCallBack.h
  ..\Include\Nalmak_Define.h
  ..\Include\Nalmak_DirectXMath.h
  ..\Include\Nalmak_Enum.h
  ..\Include\Nalmak_Extern.h
  ..\Include\Nalmak_Function.h
  ..\Include\Nalmak_Include.h
  ..\Include\Nalmak_Math.h
  ..\Include\Nalmak_String.h
  ..\Include\Nalmak_Struct.h
  ..\Include\Nalmak_Typedef.h
  ..\Include\NavCell.h
  ..\Include\NavLine.h
  ..\Include\NavMesh.h
  ..\Include\NavPoint.h
  ..\Include\Number.h
  ..\Include\ObjectManager.h
  ..\Include\Particle.h
  ..\Include\ParticleInfo.h
  ..\Include\ParticleRenderer.h
  ..\Include\PhysicsManager.h
  ..\Include\PointLight.h
  ..\Include\PositionHandle.h
  ..\Include\PositionHandle_2D.h
  ..\Include\PrototypeManager.h
  ..\Include\Quad.h
  ..\Include\QuadNoneNormal.h
  ..\Include\QuadParticle.h
  ..\Include\RenderManager.h
  ..\Include\RenderTarget.h
  ..\Include\ResourceManager.h
  ..\Include\RigidBody.h
  ..\Include\ScaleHandle_2D.h
  ..\Include\Scene.h
  ..\Include\SceneManager.h
  ..\Include\ScreenQuad.h
  ..\Include\Shader.h
  ..\Include\ShaderCompileInclude.h
  ..\Include\SingleImage.h
  ..\Include\SkinnedMeshRenderer.h
  ..\Include\SkyBox.h
  ..\Include\Slider.h
  ..\Include\SoundManager.h
  ..\Include\SphereCollider.h
  ..\Include\SplineCurve.h
  ..\Include\StateControl.h
  ..\Include\StaticObjectInfo.h
  ..\Include\SystemInfo.h
  ..\Include\SystemManager.h
  ..\Include\TBox.h
  ..\Include\Terrain.h
  ..\Include\TestVI.h
  ..\Include\Tex2D.h
  ..\Include\Text.h
  ..\Include\Texture.h
  ..\Include\TimeManager.h
  ..\Include\Toggle.h
  ..\Include\Trail.h
  ..\Include\TrailRenderer.h
  ..\Include\TrailTexColor.h
  ..\Include\Trail_Color.h
  ..\Include\Transform.h
  ..\Include\Triangle.h
  ..\Include\UIInteractor.h
  ..\Include\UserCollisionFilterFlag.h
  ..\Include\VIBuffer.h
  ..\Include\XFileMesh.h
  131개 파일이 복사되었습니다.
  ..\Bin\fmodex64.dll
  ..\Bin\fmodexL.dll
  ..\Bin\Nalmak3D_Engine.dll
  3개 파일이 복사되었습니다.
  ..\Bin\fmodex64.dll
  ..\Bin\fmodexL.dll
  ..\Bin\Nalmak3D_Engine.dll
  3개 파일이 복사되었습니다.
  ..\Bin\fmodex64.dll
  ..\Bin\fmodexL.dll
  ..\Bin\Nalmak3D_Engine.dll
  3개 파일이 복사되었습니다.
  ..\Bin\fmodex64.dll
  ..\Bin\fmodexL.dll
  ..\Bin\Nalmak3D_Engine.dll
  3개 파일이 복사되었습니다.
  ..\Bin\fmodex64_vc.lib
  ..\Bin\Nalmak3D_Engine.lib
  2개 파일이 복사되었습니다.
  ..\Bin\SCR_DirectionalLight.cso
  ..\Bin\SCR_Emission_Pass.cso
  ..\Bin\SCR_Geometry_Pass.cso
  ..\Bin\SCR_PointLight.cso
  ..\Bin\SCR_Shadow_Pass.cso
  ..\Bin\SYS_HWSkinning_ConstantBuffer.cso
  ..\Bin\SYS_HWSkinning_FetchTex.cso
  ..\Bin\SYS_LightDepth.cso
  ..\Bin\SYS_OutLine.cso
  ..\Bin\SYS_Standard.cso
  ..\Bin\SYS_Standard_NormalMap.cso
  11개 파일이 복사되었습니다.
  ..\Bin\fmodex64.dll
  ..\Bin\fmodexL.dll
  ..\Bin\Nalmak3D_Engine.dll
  3개 파일이 복사되었습니다.
  ..\Bin\fmodex64.dll
  ..\Bin\fmodexL.dll
  ..\Bin\Nalmak3D_Engine.dll
  3개 파일이 복사되었습니다.
  ..\Bin\fmodex64.dll
  ..\Bin\fmodexL.dll
  ..\Bin\Nalmak3D_Engine.dll
  3개 파일이 복사되었습니다.
  ..\Bin\fmodex64.dll
  ..\Bin\fmodexL.dll
  ..\Bin\Nalmak3D_Engine.dll
  3개 파일이 복사되었습니다.
